[0m15:13:26.830468 [debug] [MainThread]: Sending event: {'category': 'dbt', 'action': 'invocation', 'label': 'start', 'context': [<snowplow_tracker.self_describing_json.SelfDescribingJson object at 0x7fe04d3251f0>, <snowplow_tracker.self_describing_json.SelfDescribingJson object at 0x7fe04d1ea1e0>, <snowplow_tracker.self_describing_json.SelfDescribingJson object at 0x7fe04f540590>]}


============================== 15:13:26.840769 | e2d2470c-87d7-43c3-825f-4437aedf155b ==============================
[0m15:13:26.840769 [info ] [MainThread]: Running with dbt=1.11.2
[0m15:13:26.841443 [debug] [MainThread]: running dbt with arguments {'version_check': 'True', 'quiet': 'False', 'warn_error': 'None', 'introspect': 'True', 'no_print': 'None', 'partial_parse': 'True', 'debug': 'False', 'warn_error_options': 'WarnErrorOptionsV2(error=[], warn=[], silence=[])', 'send_anonymous_usage_stats': 'True', 'use_colors': 'True', 'profiles_dir': '/usr/app/dbt', 'fail_fast': 'False', 'target_path': 'None', 'log_path': 'logs', 'printer_width': '80', 'cache_selected_only': 'False', 'log_cache_events': 'False', 'empty': 'None', 'static_parser': 'True', 'indirect_selection': 'eager', 'log_format': 'default', 'invocation_command': 'dbt init analytics', 'use_experimental_parser': 'False', 'write_json': 'True'}
[0m15:13:26.861630 [debug] [MainThread]: Starter project path: /usr/local/lib/python3.12/site-packages/dbt/include/starter_project
[0m15:13:26.866988 [info ] [MainThread]: 
Your new dbt project "analytics" was created!

For more information on how to configure the profiles.yml file,
please consult the dbt documentation here:

  https://docs.getdbt.com/docs/configure-your-profile

One more thing:

Need help? Don't hesitate to reach out to us via GitHub issues or on Slack:

  https://community.getdbt.com/

Happy modeling!

[0m15:13:26.867650 [info ] [MainThread]: Setting up your profile.
[0m15:13:46.833498 [info ] [MainThread]: No sample profile found for clickhouse.
[0m15:13:46.835266 [debug] [MainThread]: Resource report: {"command_name": "init", "command_success": true, "command_wall_clock_time": 20.097803, "process_in_blocks": "33912", "process_kernel_time": 0.311225, "process_mem_max_rss": "103624", "process_out_blocks": "136", "process_user_time": 1.919225}
[0m15:13:46.835954 [debug] [MainThread]: Command `dbt init` succeeded at 15:13:46.835823 after 20.10 seconds
[0m15:13:46.836382 [debug] [MainThread]: Sending event: {'category': 'dbt', 'action': 'invocation', 'label': 'end', 'context': [<snowplow_tracker.self_describing_json.SelfDescribingJson object at 0x7fe04cfffda0>, <snowplow_tracker.self_describing_json.SelfDescribingJson object at 0x7fe04cd5bb00>, <snowplow_tracker.self_describing_json.SelfDescribingJson object at 0x7fe04c710740>]}
[0m15:13:46.836771 [debug] [MainThread]: Flushing usage events
[0m15:13:48.249245 [debug] [MainThread]: An error was encountered while trying to flush usage events
