[0m19:57:44.819009 [debug] [MainThread]: Sending event: {'category': 'dbt', 'action': 'invocation', 'label': 'start', 'context': [<snowplow_tracker.self_describing_json.SelfDescribingJson object at 0x7f8fbda7a900>, <snowplow_tracker.self_describing_json.SelfDescribingJson object at 0x7f8fbcabbd90>, <snowplow_tracker.self_describing_json.SelfDescribingJson object at 0x7f8fbcabb9d0>]}


============================== 19:57:44.822452 | 436240ae-27c2-4101-8409-4caee65a8b23 ==============================
[0m19:57:44.822452 [info ] [MainThread]: Running with dbt=1.11.6
[0m19:57:44.823080 [debug] [MainThread]: running dbt with arguments {'invocation_command': 'dbt init analytics', 'quiet': 'False', 'log_format': 'default', 'log_cache_events': 'False', 'warn_error': 'None', 'introspect': 'True', 'log_path': 'logs', 'version_check': 'True', 'printer_width': '80', 'warn_error_options': 'WarnErrorOptionsV2(error=[], warn=[], silence=[])', 'fail_fast': 'False', 'send_anonymous_usage_stats': 'True', 'write_json': 'True', 'use_experimental_parser': 'False', 'static_parser': 'True', 'profiles_dir': '/home/aymanfen/.dbt', 'debug': 'False', 'no_print': 'None', 'target_path': 'None', 'cache_selected_only': 'False', 'empty': 'None', 'indirect_selection': 'eager', 'use_colors': 'True', 'partial_parse': 'True'}
[0m19:57:44.834832 [debug] [MainThread]: Starter project path: /home/aymanfen/Desktop/BankAnalytics/.venv/lib/python3.13/site-packages/dbt/include/starter_project
[0m19:57:44.838553 [info ] [MainThread]: 
Your new dbt project "analytics" was created!

For more information on how to configure the profiles.yml file,
please consult the dbt documentation here:

  https://docs.getdbt.com/docs/configure-your-profile

One more thing:

Need help? Don't hesitate to reach out to us via GitHub issues or on Slack:

  https://community.getdbt.com/

Happy modeling!

[0m19:57:44.839136 [info ] [MainThread]: Setting up your profile.
[0m19:57:48.809329 [info ] [MainThread]: No sample profile found for clickhouse.
[0m19:57:48.810845 [debug] [MainThread]: Resource report: {"command_name": "init", "command_success": true, "command_wall_clock_time": 4.0604234, "process_in_blocks": "1832", "process_kernel_time": 0.259383, "process_mem_max_rss": "101764", "process_out_blocks": "72", "process_user_time": 1.514576}
[0m19:57:48.811404 [debug] [MainThread]: Command `dbt init` succeeded at 19:57:48.811293 after 4.06 seconds
[0m19:57:48.811757 [debug] [MainThread]: Sending event: {'category': 'dbt', 'action': 'invocation', 'label': 'end', 'context': [<snowplow_tracker.self_describing_json.SelfDescribingJson object at 0x7f8fbc830510>, <snowplow_tracker.self_describing_json.SelfDescribingJson object at 0x7f8fbc9a2570>, <snowplow_tracker.self_describing_json.SelfDescribingJson object at 0x7f8fbdb118c0>]}
[0m19:57:48.812127 [debug] [MainThread]: Flushing usage events
[0m19:57:50.875070 [debug] [MainThread]: An error was encountered while trying to flush usage events
[0m20:01:38.800806 [debug] [MainThread]: Sending event: {'category': 'dbt', 'action': 'invocation', 'label': 'start', 'context': [<snowplow_tracker.self_describing_json.SelfDescribingJson object at 0x7f3d38942900>, <snowplow_tracker.self_describing_json.SelfDescribingJson object at 0x7f3d37983d90>, <snowplow_tracker.self_describing_json.SelfDescribingJson object at 0x7f3d379839d0>]}


============================== 20:01:38.804221 | f421484e-8078-4a98-9619-955573f0d1d7 ==============================
[0m20:01:38.804221 [info ] [MainThread]: Running with dbt=1.11.6
[0m20:01:38.804772 [debug] [MainThread]: running dbt with arguments {'debug': 'False', 'profiles_dir': '/home/aymanfen/.dbt', 'invocation_command': 'dbt debug', 'no_print': 'None', 'send_anonymous_usage_stats': 'True', 'log_cache_events': 'False', 'quiet': 'False', 'warn_error_options': 'WarnErrorOptionsV2(error=[], warn=[], silence=[])', 'target_path': 'None', 'log_format': 'default', 'write_json': 'True', 'static_parser': 'True', 'use_colors': 'True', 'log_path': 'logs', 'cache_selected_only': 'False', 'indirect_selection': 'eager', 'fail_fast': 'False', 'warn_error': 'None', 'use_experimental_parser': 'False', 'empty': 'None', 'printer_width': '80', 'version_check': 'True', 'introspect': 'True', 'partial_parse': 'True'}
[0m20:01:38.813952 [info ] [MainThread]: dbt version: 1.11.6
[0m20:01:38.814440 [info ] [MainThread]: python version: 3.13.5
[0m20:01:38.814934 [info ] [MainThread]: python path: /home/aymanfen/Desktop/BankAnalytics/.venv/bin/python
[0m20:01:38.815366 [info ] [MainThread]: os info: Linux-6.12.69+deb13-amd64-x86_64-with-glibc2.41
[0m20:01:38.815767 [info ] [MainThread]: Using profiles dir at /home/aymanfen/.dbt
[0m20:01:38.816114 [info ] [MainThread]: Using profiles.yml file at /home/aymanfen/.dbt/profiles.yml
[0m20:01:38.816407 [info ] [MainThread]: Using dbt_project.yml file at /home/aymanfen/Desktop/BankAnalytics/dbt_project.yml
[0m20:01:38.816723 [info ] [MainThread]: Configuration:
[0m20:01:38.817047 [info ] [MainThread]:   profiles.yml file [[31mERROR not found[0m]
[0m20:01:38.817473 [info ] [MainThread]:   dbt_project.yml file [[31mERROR not found[0m]
[0m20:01:38.817885 [info ] [MainThread]: Required dependencies:
[0m20:01:38.818304 [debug] [MainThread]: Executing "git --help"
[0m20:01:38.821962 [debug] [MainThread]: STDOUT: "b"usage: git [-v | --version] [-h | --help] [-C <path>] [-c <name>=<value>]\n           [--exec-path[=<path>]] [--html-path] [--man-path] [--info-path]\n           [-p | --paginate | -P | --no-pager] [--no-replace-objects] [--no-lazy-fetch]\n           [--no-optional-locks] [--no-advice] [--bare] [--git-dir=<path>]\n           [--work-tree=<path>] [--namespace=<name>] [--config-env=<name>=<envvar>]\n           <command> [<args>]\n\nThese are common Git commands used in various situations:\n\nstart a working area (see also: git help tutorial)\n   clone     Clone a repository into a new directory\n   init      Create an empty Git repository or reinitialize an existing one\n\nwork on the current change (see also: git help everyday)\n   add       Add file contents to the index\n   mv        Move or rename a file, a directory, or a symlink\n   restore   Restore working tree files\n   rm        Remove files from the working tree and from the index\n\nexamine the history and state (see also: git help revisions)\n   bisect    Use binary search to find the commit that introduced a bug\n   diff      Show changes between commits, commit and working tree, etc\n   grep      Print lines matching a pattern\n   log       Show commit logs\n   show      Show various types of objects\n   status    Show the working tree status\n\ngrow, mark and tweak your common history\n   branch    List, create, or delete branches\n   commit    Record changes to the repository\n   merge     Join two or more development histories together\n   rebase    Reapply commits on top of another base tip\n   reset     Reset current HEAD to the specified state\n   switch    Switch branches\n   tag       Create, list, delete or verify a tag object signed with GPG\n\ncollaborate (see also: git help workflows)\n   fetch     Download objects and refs from another repository\n   pull      Fetch from and integrate with another repository or a local branch\n   push      Update remote refs along with associated objects\n\n'git help -a' and 'git help -g' list available subcommands and some\nconcept guides. See 'git help <command>' or 'git help <concept>'\nto read about a specific subcommand or concept.\nSee 'git help git' for an overview of the system.\n""
[0m20:01:38.822563 [debug] [MainThread]: STDERR: "b''"
[0m20:01:38.823133 [info ] [MainThread]:  - git [[32mOK found[0m]

[0m20:01:38.823684 [info ] [MainThread]: Connection test skipped since no profile was found
[0m20:01:38.824394 [info ] [MainThread]: [31m2 checks failed:[0m
[0m20:01:38.825047 [info ] [MainThread]: dbt looked for a profiles.yml file in /home/aymanfen/.dbt/profiles.yml, but did
not find one. For more information on configuring your profile, consult the
documentation:

https://docs.getdbt.com/docs/configure-your-profile


[0m20:01:38.825512 [info ] [MainThread]: Project loading failed for the following reason:
 project path </home/aymanfen/Desktop/BankAnalytics/dbt_project.yml> not found

[0m20:01:38.826579 [debug] [MainThread]: Resource report: {"command_name": "debug", "command_success": false, "command_wall_clock_time": 0.09435054, "process_in_blocks": "0", "process_kernel_time": 0.183143, "process_mem_max_rss": "101416", "process_out_blocks": "24", "process_user_time": 1.401448}
[0m20:01:38.827538 [debug] [MainThread]: Command `dbt debug` failed at 20:01:38.827308 after 0.10 seconds
[0m20:01:38.828243 [debug] [MainThread]: Sending event: {'category': 'dbt', 'action': 'invocation', 'label': 'end', 'context': [<snowplow_tracker.self_describing_json.SelfDescribingJson object at 0x7f3d37996d70>, <snowplow_tracker.self_describing_json.SelfDescribingJson object at 0x7f3d379f45f0>, <snowplow_tracker.self_describing_json.SelfDescribingJson object at 0x7f3d37c03df0>]}
[0m20:01:38.828686 [debug] [MainThread]: Flushing usage events
[0m20:01:40.052010 [debug] [MainThread]: An error was encountered while trying to flush usage events
